{"/home/miompolly/Documents/myportfolio-bn/src/index.js": {"path":"/home/miompolly/Documents/myportfolio-bn/src/index.js","statementMap":{"0":{"start":{"line":1,"column":14},"end":{"line":1,"column":32}},"1":{"start":{"line":2,"column":11},"end":{"line":2,"column":26}},"2":{"start":{"line":3,"column":11},"end":{"line":3,"column":26}},"3":{"start":{"line":4,"column":13},"end":{"line":4,"column":30}},"4":{"start":{"line":13,"column":10},"end":{"line":13,"column":19}},"5":{"start":{"line":14,"column":0},"end":{"line":14,"column":89}},"6":{"start":{"line":16,"column":0},"end":{"line":16,"column":24}},"7":{"start":{"line":17,"column":0},"end":{"line":17,"column":17}},"8":{"start":{"line":18,"column":0},"end":{"line":18,"column":28}},"9":{"start":{"line":20,"column":0},"end":{"line":20,"column":16}},"10":{"start":{"line":22,"column":11},"end":{"line":22,"column":51}},"11":{"start":{"line":23,"column":0},"end":{"line":26,"column":2}},"12":{"start":{"line":24,"column":4},"end":{"line":24,"column":16}},"13":{"start":{"line":25,"column":4},"end":{"line":25,"column":53}},"14":{"start":{"line":28,"column":0},"end":{"line":28,"column":26}},"15":{"start":{"line":29,"column":0},"end":{"line":31,"column":2}},"16":{"start":{"line":30,"column":4},"end":{"line":30,"column":40}}},"fnMap":{"0":{"name":"(anonymous_0)","decl":{"start":{"line":23,"column":16},"end":{"line":23,"column":17}},"loc":{"start":{"line":23,"column":20},"end":{"line":26,"column":1}},"line":23},"1":{"name":"(anonymous_1)","decl":{"start":{"line":29,"column":12},"end":{"line":29,"column":13}},"loc":{"start":{"line":29,"column":23},"end":{"line":31,"column":1}},"line":29}},"branchMap":{"0":{"loc":{"start":{"line":22,"column":11},"end":{"line":22,"column":51}},"type":"cond-expr","locations":[{"start":{"line":22,"column":30},"end":{"line":22,"column":46}},{"start":{"line":22,"column":47},"end":{"line":22,"column":51}}],"line":22}},"s":{"0":1,"1":1,"2":1,"3":1,"4":1,"5":1,"6":1,"7":1,"8":1,"9":1,"10":1,"11":1,"12":1,"13":1,"14":1,"15":1,"16":1},"f":{"0":1,"1":1},"b":{"0":[1,0]},"_coverageSchema":"1a1c01bbd47fc00a2c39e90264f33305004495a9","hash":"7e97e7672075b95f074aba8ffd38d96c37017d68"}
,"/home/miompolly/Documents/myportfolio-bn/src/api-docs/swagger.js": {"path":"/home/miompolly/Documents/myportfolio-bn/src/api-docs/swagger.js","statementMap":{"0":{"start":{"line":6,"column":0},"end":{"line":6,"column":16}},"1":{"start":{"line":9,"column":16},"end":{"line":48,"column":1}},"2":{"start":{"line":50,"column":19},"end":{"line":50,"column":40}},"3":{"start":{"line":52,"column":18},"end":{"line":54,"column":1}},"4":{"start":{"line":53,"column":4},"end":{"line":53,"column":66}}},"fnMap":{"0":{"name":"(anonymous_0)","decl":{"start":{"line":52,"column":18},"end":{"line":52,"column":19}},"loc":{"start":{"line":52,"column":25},"end":{"line":54,"column":1}},"line":52}},"branchMap":{},"s":{"0":1,"1":1,"2":1,"3":1,"4":1},"f":{"0":1},"b":{},"_coverageSchema":"1a1c01bbd47fc00a2c39e90264f33305004495a9","hash":"264d5a04ca0bb0b1dda5a409a5a0453a9c03288b"}
,"/home/miompolly/Documents/myportfolio-bn/src/api-docs/user.docs.js": {"path":"/home/miompolly/Documents/myportfolio-bn/src/api-docs/user.docs.js","statementMap":{"0":{"start":{"line":1,"column":19},"end":{"line":58,"column":3}},"1":{"start":{"line":65,"column":17},"end":{"line":81,"column":1}},"2":{"start":{"line":85,"column":16},"end":{"line":125,"column":3}},"3":{"start":{"line":129,"column":19},"end":{"line":169,"column":1}},"4":{"start":{"line":172,"column":16},"end":{"line":213,"column":3}},"5":{"start":{"line":217,"column":21},"end":{"line":235,"column":1}}},"fnMap":{},"branchMap":{},"s":{"0":1,"1":1,"2":1,"3":1,"4":1,"5":1},"f":{},"b":{},"_coverageSchema":"1a1c01bbd47fc00a2c39e90264f33305004495a9","hash":"6c509068924a3125e7593c1710b994c35b5a9ebc"}
,"/home/miompolly/Documents/myportfolio-bn/src/controllers/userController.js": {"path":"/home/miompolly/Documents/myportfolio-bn/src/controllers/userController.js","statementMap":{"0":{"start":{"line":6,"column":4},"end":{"line":31,"column":5}},"1":{"start":{"line":10,"column":6},"end":{"line":10,"column":27}},"2":{"start":{"line":11,"column":18},"end":{"line":17,"column":8}},"3":{"start":{"line":20,"column":6},"end":{"line":20,"column":24}},"4":{"start":{"line":21,"column":6},"end":{"line":24,"column":9}},"5":{"start":{"line":27,"column":6},"end":{"line":30,"column":9}},"6":{"start":{"line":36,"column":4},"end":{"line":47,"column":5}},"7":{"start":{"line":37,"column":20},"end":{"line":37,"column":37}},"8":{"start":{"line":38,"column":6},"end":{"line":41,"column":9}},"9":{"start":{"line":43,"column":6},"end":{"line":46,"column":9}},"10":{"start":{"line":52,"column":2},"end":{"line":65,"column":3}},"11":{"start":{"line":53,"column":17},"end":{"line":53,"column":58}},"12":{"start":{"line":54,"column":4},"end":{"line":54,"column":22}},"13":{"start":{"line":56,"column":4},"end":{"line":59,"column":7}},"14":{"start":{"line":61,"column":4},"end":{"line":64,"column":7}},"15":{"start":{"line":70,"column":2},"end":{"line":92,"column":3}},"16":{"start":{"line":71,"column":17},"end":{"line":71,"column":60}},"17":{"start":{"line":73,"column":4},"end":{"line":79,"column":5}},"18":{"start":{"line":75,"column":6},"end":{"line":78,"column":9}},"19":{"start":{"line":82,"column":4},"end":{"line":85,"column":7}},"20":{"start":{"line":88,"column":4},"end":{"line":91,"column":7}},"21":{"start":{"line":96,"column":2},"end":{"line":139,"column":3}},"22":{"start":{"line":97,"column":18},"end":{"line":97,"column":32}},"23":{"start":{"line":98,"column":21},"end":{"line":98,"column":38}},"24":{"start":{"line":101,"column":4},"end":{"line":106,"column":5}},"25":{"start":{"line":102,"column":6},"end":{"line":105,"column":9}},"26":{"start":{"line":109,"column":17},"end":{"line":109,"column":46}},"27":{"start":{"line":112,"column":4},"end":{"line":117,"column":5}},"28":{"start":{"line":113,"column":6},"end":{"line":116,"column":9}},"29":{"start":{"line":120,"column":4},"end":{"line":127,"column":5}},"30":{"start":{"line":121,"column":6},"end":{"line":125,"column":9}},"31":{"start":{"line":130,"column":4},"end":{"line":133,"column":7}},"32":{"start":{"line":135,"column":4},"end":{"line":138,"column":7}}},"fnMap":{"0":{"name":"(anonymous_0)","decl":{"start":{"line":5,"column":2},"end":{"line":5,"column":3}},"loc":{"start":{"line":5,"column":36},"end":{"line":32,"column":3}},"line":5},"1":{"name":"(anonymous_1)","decl":{"start":{"line":35,"column":2},"end":{"line":35,"column":3}},"loc":{"start":{"line":35,"column":34},"end":{"line":48,"column":3}},"line":35},"2":{"name":"(anonymous_2)","decl":{"start":{"line":51,"column":1},"end":{"line":51,"column":2}},"loc":{"start":{"line":51,"column":32},"end":{"line":66,"column":1}},"line":51},"3":{"name":"(anonymous_3)","decl":{"start":{"line":69,"column":0},"end":{"line":69,"column":1}},"loc":{"start":{"line":69,"column":34},"end":{"line":93,"column":1}},"line":69},"4":{"name":"(anonymous_4)","decl":{"start":{"line":95,"column":0},"end":{"line":95,"column":1}},"loc":{"start":{"line":95,"column":33},"end":{"line":140,"column":1}},"line":95}},"branchMap":{"0":{"loc":{"start":{"line":73,"column":4},"end":{"line":79,"column":5}},"type":"if","locations":[{"start":{"line":73,"column":4},"end":{"line":79,"column":5}},{"start":{},"end":{}}],"line":73},"1":{"loc":{"start":{"line":101,"column":4},"end":{"line":106,"column":5}},"type":"if","locations":[{"start":{"line":101,"column":4},"end":{"line":106,"column":5}},{"start":{},"end":{}}],"line":101},"2":{"loc":{"start":{"line":101,"column":8},"end":{"line":101,"column":27}},"type":"binary-expr","locations":[{"start":{"line":101,"column":8},"end":{"line":101,"column":14}},{"start":{"line":101,"column":18},"end":{"line":101,"column":27}}],"line":101},"3":{"loc":{"start":{"line":112,"column":4},"end":{"line":117,"column":5}},"type":"if","locations":[{"start":{"line":112,"column":4},"end":{"line":117,"column":5}},{"start":{},"end":{}}],"line":112},"4":{"loc":{"start":{"line":120,"column":4},"end":{"line":127,"column":5}},"type":"if","locations":[{"start":{"line":120,"column":4},"end":{"line":127,"column":5}},{"start":{},"end":{}}],"line":120}},"s":{"0":2,"1":2,"2":2,"3":2,"4":1,"5":1,"6":1,"7":1,"8":1,"9":0,"10":1,"11":1,"12":1,"13":1,"14":0,"15":0,"16":0,"17":0,"18":0,"19":0,"20":0,"21":2,"22":2,"23":2,"24":2,"25":1,"26":1,"27":1,"28":0,"29":1,"30":0,"31":1,"32":0},"f":{"0":2,"1":1,"2":1,"3":0,"4":2},"b":{"0":[0,0],"1":[1,1],"2":[2,1],"3":[0,1],"4":[0,1]},"_coverageSchema":"1a1c01bbd47fc00a2c39e90264f33305004495a9","hash":"a0387770e9ed78020bc644a447fa27f4d8b0f8c3"}
,"/home/miompolly/Documents/myportfolio-bn/src/database/db.js": {"path":"/home/miompolly/Documents/myportfolio-bn/src/database/db.js","statementMap":{"0":{"start":{"line":3,"column":18},"end":{"line":14,"column":1}},"1":{"start":{"line":4,"column":4},"end":{"line":13,"column":5}},"2":{"start":{"line":5,"column":8},"end":{"line":8,"column":10}},"3":{"start":{"line":10,"column":8},"end":{"line":10,"column":54}},"4":{"start":{"line":12,"column":8},"end":{"line":12,"column":34}}},"fnMap":{"0":{"name":"(anonymous_0)","decl":{"start":{"line":3,"column":18},"end":{"line":3,"column":19}},"loc":{"start":{"line":3,"column":30},"end":{"line":14,"column":1}},"line":3}},"branchMap":{},"s":{"0":1,"1":1,"2":1,"3":1,"4":0},"f":{"0":1},"b":{},"_coverageSchema":"1a1c01bbd47fc00a2c39e90264f33305004495a9","hash":"2b4e46f3b6890189b105b6221d62d73840f998d7"}
,"/home/miompolly/Documents/myportfolio-bn/src/models/userModel.js": {"path":"/home/miompolly/Documents/myportfolio-bn/src/models/userModel.js","statementMap":{"0":{"start":{"line":3,"column":17},"end":{"line":28,"column":18}},"1":{"start":{"line":30,"column":11},"end":{"line":30,"column":44}}},"fnMap":{},"branchMap":{},"s":{"0":1,"1":1},"f":{},"b":{},"_coverageSchema":"1a1c01bbd47fc00a2c39e90264f33305004495a9","hash":"f6235c8ecc7a7750434373d9a4b0095272d774a9"}
,"/home/miompolly/Documents/myportfolio-bn/src/routes/indexRouter.js": {"path":"/home/miompolly/Documents/myportfolio-bn/src/routes/indexRouter.js","statementMap":{"0":{"start":{"line":4,"column":20},"end":{"line":4,"column":36}},"1":{"start":{"line":5,"column":0},"end":{"line":5,"column":37}}},"fnMap":{},"branchMap":{},"s":{"0":1,"1":1},"f":{},"b":{},"_coverageSchema":"1a1c01bbd47fc00a2c39e90264f33305004495a9","hash":"786440b29676808aca4b2e02181b765d9b83cac9"}
,"/home/miompolly/Documents/myportfolio-bn/src/routes/user.route.js": {"path":"/home/miompolly/Documents/myportfolio-bn/src/routes/user.route.js","statementMap":{"0":{"start":{"line":3,"column":17},"end":{"line":3,"column":33}},"1":{"start":{"line":5,"column":13},"end":{"line":5,"column":21}},"2":{"start":{"line":9,"column":0},"end":{"line":9,"column":59}},"3":{"start":{"line":10,"column":0},"end":{"line":10,"column":57}},"4":{"start":{"line":11,"column":0},"end":{"line":11,"column":53}},"5":{"start":{"line":12,"column":0},"end":{"line":12,"column":54}},"6":{"start":{"line":13,"column":0},"end":{"line":15,"column":5}},"7":{"start":{"line":14,"column":4},"end":{"line":14,"column":40}}},"fnMap":{"0":{"name":"(anonymous_0)","decl":{"start":{"line":13,"column":37},"end":{"line":13,"column":38}},"loc":{"start":{"line":13,"column":51},"end":{"line":15,"column":3}},"line":13}},"branchMap":{},"s":{"0":1,"1":1,"2":1,"3":1,"4":1,"5":1,"6":1,"7":0},"f":{"0":0},"b":{},"_coverageSchema":"1a1c01bbd47fc00a2c39e90264f33305004495a9","hash":"2e9a5c1ad5d619d1ae76b409af292225c4e60d0e"}
,"/home/miompolly/Documents/myportfolio-bn/src/uploader/cloudinary.js": {"path":"/home/miompolly/Documents/myportfolio-bn/src/uploader/cloudinary.js","statementMap":{"0":{"start":{"line":6,"column":0},"end":{"line":6,"column":16}},"1":{"start":{"line":8,"column":0},"end":{"line":12,"column":3}},"2":{"start":{"line":14,"column":15},"end":{"line":16,"column":2}}},"fnMap":{},"branchMap":{},"s":{"0":1,"1":1,"2":1},"f":{},"b":{},"_coverageSchema":"1a1c01bbd47fc00a2c39e90264f33305004495a9","hash":"e237d65aabdc7a3a2bafbc46699d9518e3df1bad"}
,"/home/miompolly/Documents/myportfolio-bn/src/uploader/multer.js": {"path":"/home/miompolly/Documents/myportfolio-bn/src/uploader/multer.js","statementMap":{"0":{"start":{"line":3,"column":19},"end":{"line":9,"column":3}},"1":{"start":{"line":4,"column":4},"end":{"line":8,"column":5}},"2":{"start":{"line":5,"column":8},"end":{"line":5,"column":22}},"3":{"start":{"line":7,"column":8},"end":{"line":7,"column":56}},"4":{"start":{"line":10,"column":13},"end":{"line":10,"column":41}}},"fnMap":{"0":{"name":"(anonymous_0)","decl":{"start":{"line":3,"column":19},"end":{"line":3,"column":20}},"loc":{"start":{"line":3,"column":38},"end":{"line":9,"column":3}},"line":3}},"branchMap":{"0":{"loc":{"start":{"line":4,"column":4},"end":{"line":8,"column":5}},"type":"if","locations":[{"start":{"line":4,"column":4},"end":{"line":8,"column":5}},{"start":{"line":6,"column":9},"end":{"line":8,"column":5}}],"line":4},"1":{"loc":{"start":{"line":4,"column":8},"end":{"line":4,"column":99}},"type":"binary-expr","locations":[{"start":{"line":4,"column":8},"end":{"line":4,"column":36}},{"start":{"line":4,"column":40},"end":{"line":4,"column":67}},{"start":{"line":4,"column":71},"end":{"line":4,"column":99}}],"line":4}},"s":{"0":1,"1":0,"2":0,"3":0,"4":1},"f":{"0":0},"b":{"0":[0,0],"1":[0,0,0]},"_coverageSchema":"1a1c01bbd47fc00a2c39e90264f33305004495a9","hash":"a8b0b4fd07116f0d35af2ddd3f2fbc8c5cc16ac5"}
,"/home/miompolly/Documents/myportfolio-bn/src/uploader/uploadImages.js": {"path":"/home/miompolly/Documents/myportfolio-bn/src/uploader/uploadImages.js","statementMap":{"0":{"start":{"line":4,"column":21},"end":{"line":19,"column":1}},"1":{"start":{"line":5,"column":2},"end":{"line":18,"column":4}},"2":{"start":{"line":6,"column":4},"end":{"line":17,"column":5}},"3":{"start":{"line":7,"column":6},"end":{"line":14,"column":9}},"4":{"start":{"line":9,"column":8},"end":{"line":11,"column":9}},"5":{"start":{"line":10,"column":10},"end":{"line":10,"column":78}},"6":{"start":{"line":13,"column":8},"end":{"line":13,"column":15}},"7":{"start":{"line":16,"column":6},"end":{"line":16,"column":27}}},"fnMap":{"0":{"name":"(anonymous_0)","decl":{"start":{"line":4,"column":21},"end":{"line":4,"column":22}},"loc":{"start":{"line":4,"column":31},"end":{"line":19,"column":1}},"line":4},"1":{"name":"(anonymous_1)","decl":{"start":{"line":5,"column":9},"end":{"line":5,"column":10}},"loc":{"start":{"line":5,"column":35},"end":{"line":18,"column":3}},"line":5},"2":{"name":"(anonymous_2)","decl":{"start":{"line":7,"column":36},"end":{"line":7,"column":37}},"loc":{"start":{"line":7,"column":45},"end":{"line":14,"column":7}},"line":7}},"branchMap":{"0":{"loc":{"start":{"line":9,"column":8},"end":{"line":11,"column":9}},"type":"if","locations":[{"start":{"line":9,"column":8},"end":{"line":11,"column":9}},{"start":{},"end":{}}],"line":9}},"s":{"0":1,"1":0,"2":0,"3":0,"4":0,"5":0,"6":0,"7":0},"f":{"0":0,"1":0,"2":0},"b":{"0":[0,0]},"_coverageSchema":"1a1c01bbd47fc00a2c39e90264f33305004495a9","hash":"84468fabb8d54180b76c5dbf742f350f5823edb0"}
}
