{"/home/miompolly/Documents/project/myportfolio-bn/src/index.js": {"path":"/home/miompolly/Documents/project/myportfolio-bn/src/index.js","statementMap":{"0":{"start":{"line":1,"column":14},"end":{"line":1,"column":32}},"1":{"start":{"line":2,"column":11},"end":{"line":2,"column":26}},"2":{"start":{"line":3,"column":11},"end":{"line":3,"column":26}},"3":{"start":{"line":4,"column":13},"end":{"line":4,"column":30}},"4":{"start":{"line":13,"column":10},"end":{"line":13,"column":19}},"5":{"start":{"line":14,"column":0},"end":{"line":14,"column":89}},"6":{"start":{"line":16,"column":0},"end":{"line":16,"column":24}},"7":{"start":{"line":17,"column":0},"end":{"line":17,"column":17}},"8":{"start":{"line":18,"column":0},"end":{"line":18,"column":28}},"9":{"start":{"line":20,"column":0},"end":{"line":20,"column":16}},"10":{"start":{"line":22,"column":11},"end":{"line":22,"column":51}},"11":{"start":{"line":23,"column":0},"end":{"line":26,"column":2}},"12":{"start":{"line":24,"column":4},"end":{"line":24,"column":16}},"13":{"start":{"line":25,"column":4},"end":{"line":25,"column":53}},"14":{"start":{"line":28,"column":0},"end":{"line":28,"column":26}},"15":{"start":{"line":29,"column":0},"end":{"line":31,"column":2}},"16":{"start":{"line":30,"column":4},"end":{"line":30,"column":40}}},"fnMap":{"0":{"name":"(anonymous_0)","decl":{"start":{"line":23,"column":16},"end":{"line":23,"column":17}},"loc":{"start":{"line":23,"column":20},"end":{"line":26,"column":1}},"line":23},"1":{"name":"(anonymous_1)","decl":{"start":{"line":29,"column":12},"end":{"line":29,"column":13}},"loc":{"start":{"line":29,"column":23},"end":{"line":31,"column":1}},"line":29}},"branchMap":{"0":{"loc":{"start":{"line":22,"column":11},"end":{"line":22,"column":51}},"type":"cond-expr","locations":[{"start":{"line":22,"column":30},"end":{"line":22,"column":46}},{"start":{"line":22,"column":47},"end":{"line":22,"column":51}}],"line":22}},"s":{"0":1,"1":1,"2":1,"3":1,"4":1,"5":1,"6":1,"7":1,"8":1,"9":1,"10":1,"11":1,"12":1,"13":1,"14":1,"15":1,"16":1},"f":{"0":1,"1":1},"b":{"0":[1,0]},"_coverageSchema":"1a1c01bbd47fc00a2c39e90264f33305004495a9","hash":"8e9aff35e9078223735cd075dcc8e0fb03b607ef"}
,"/home/miompolly/Documents/project/myportfolio-bn/src/api-docs/swagger.js": {"path":"/home/miompolly/Documents/project/myportfolio-bn/src/api-docs/swagger.js","statementMap":{"0":{"start":{"line":6,"column":0},"end":{"line":6,"column":16}},"1":{"start":{"line":9,"column":16},"end":{"line":48,"column":1}},"2":{"start":{"line":50,"column":19},"end":{"line":50,"column":40}},"3":{"start":{"line":52,"column":18},"end":{"line":54,"column":1}},"4":{"start":{"line":53,"column":4},"end":{"line":53,"column":66}}},"fnMap":{"0":{"name":"(anonymous_0)","decl":{"start":{"line":52,"column":18},"end":{"line":52,"column":19}},"loc":{"start":{"line":52,"column":25},"end":{"line":54,"column":1}},"line":52}},"branchMap":{},"s":{"0":1,"1":1,"2":1,"3":1,"4":1},"f":{"0":1},"b":{},"_coverageSchema":"1a1c01bbd47fc00a2c39e90264f33305004495a9","hash":"a0d300ff6a5b3faa2a71b13c9efc076f434edba6"}
,"/home/miompolly/Documents/project/myportfolio-bn/src/api-docs/user.docs.js": {"path":"/home/miompolly/Documents/project/myportfolio-bn/src/api-docs/user.docs.js","statementMap":{"0":{"start":{"line":1,"column":19},"end":{"line":58,"column":3}},"1":{"start":{"line":65,"column":17},"end":{"line":81,"column":1}},"2":{"start":{"line":85,"column":16},"end":{"line":125,"column":3}},"3":{"start":{"line":129,"column":19},"end":{"line":169,"column":1}},"4":{"start":{"line":173,"column":21},"end":{"line":187,"column":1}}},"fnMap":{},"branchMap":{},"s":{"0":1,"1":1,"2":1,"3":1,"4":1},"f":{},"b":{},"_coverageSchema":"1a1c01bbd47fc00a2c39e90264f33305004495a9","hash":"2ad3b4f68bd0cbb652cabbd37c51da35172a3e00"}
,"/home/miompolly/Documents/project/myportfolio-bn/src/controllers/userController.js": {"path":"/home/miompolly/Documents/project/myportfolio-bn/src/controllers/userController.js","statementMap":{"0":{"start":{"line":6,"column":4},"end":{"line":41,"column":5}},"1":{"start":{"line":20,"column":6},"end":{"line":20,"column":27}},"2":{"start":{"line":21,"column":18},"end":{"line":27,"column":8}},"3":{"start":{"line":30,"column":6},"end":{"line":30,"column":24}},"4":{"start":{"line":31,"column":6},"end":{"line":34,"column":9}},"5":{"start":{"line":35,"column":6},"end":{"line":35,"column":46}},"6":{"start":{"line":37,"column":6},"end":{"line":40,"column":9}},"7":{"start":{"line":46,"column":4},"end":{"line":57,"column":5}},"8":{"start":{"line":47,"column":20},"end":{"line":47,"column":37}},"9":{"start":{"line":48,"column":6},"end":{"line":51,"column":9}},"10":{"start":{"line":53,"column":6},"end":{"line":56,"column":9}},"11":{"start":{"line":62,"column":2},"end":{"line":75,"column":3}},"12":{"start":{"line":63,"column":17},"end":{"line":63,"column":59}},"13":{"start":{"line":64,"column":4},"end":{"line":64,"column":22}},"14":{"start":{"line":66,"column":4},"end":{"line":69,"column":7}},"15":{"start":{"line":71,"column":4},"end":{"line":74,"column":7}},"16":{"start":{"line":80,"column":2},"end":{"line":102,"column":3}},"17":{"start":{"line":81,"column":17},"end":{"line":81,"column":60}},"18":{"start":{"line":83,"column":4},"end":{"line":89,"column":5}},"19":{"start":{"line":85,"column":6},"end":{"line":88,"column":9}},"20":{"start":{"line":92,"column":4},"end":{"line":95,"column":7}},"21":{"start":{"line":98,"column":4},"end":{"line":101,"column":7}}},"fnMap":{"0":{"name":"(anonymous_0)","decl":{"start":{"line":5,"column":2},"end":{"line":5,"column":3}},"loc":{"start":{"line":5,"column":36},"end":{"line":42,"column":3}},"line":5},"1":{"name":"(anonymous_1)","decl":{"start":{"line":45,"column":2},"end":{"line":45,"column":3}},"loc":{"start":{"line":45,"column":34},"end":{"line":58,"column":3}},"line":45},"2":{"name":"(anonymous_2)","decl":{"start":{"line":61,"column":1},"end":{"line":61,"column":2}},"loc":{"start":{"line":61,"column":32},"end":{"line":76,"column":1}},"line":61},"3":{"name":"(anonymous_3)","decl":{"start":{"line":79,"column":0},"end":{"line":79,"column":1}},"loc":{"start":{"line":79,"column":34},"end":{"line":103,"column":1}},"line":79}},"branchMap":{"0":{"loc":{"start":{"line":83,"column":4},"end":{"line":89,"column":5}},"type":"if","locations":[{"start":{"line":83,"column":4},"end":{"line":89,"column":5}},{"start":{},"end":{}}],"line":83}},"s":{"0":1,"1":1,"2":1,"3":1,"4":1,"5":1,"6":0,"7":1,"8":1,"9":1,"10":0,"11":1,"12":1,"13":1,"14":1,"15":0,"16":0,"17":0,"18":0,"19":0,"20":0,"21":0},"f":{"0":1,"1":1,"2":1,"3":0},"b":{"0":[0,0]},"_coverageSchema":"1a1c01bbd47fc00a2c39e90264f33305004495a9","hash":"993eed6c68ef48958cb0e05718afebdc945588e0"}
,"/home/miompolly/Documents/project/myportfolio-bn/src/database/db.js": {"path":"/home/miompolly/Documents/project/myportfolio-bn/src/database/db.js","statementMap":{"0":{"start":{"line":3,"column":18},"end":{"line":14,"column":1}},"1":{"start":{"line":4,"column":4},"end":{"line":13,"column":5}},"2":{"start":{"line":5,"column":8},"end":{"line":8,"column":10}},"3":{"start":{"line":10,"column":8},"end":{"line":10,"column":54}},"4":{"start":{"line":12,"column":8},"end":{"line":12,"column":34}}},"fnMap":{"0":{"name":"(anonymous_0)","decl":{"start":{"line":3,"column":18},"end":{"line":3,"column":19}},"loc":{"start":{"line":3,"column":30},"end":{"line":14,"column":1}},"line":3}},"branchMap":{},"s":{"0":1,"1":1,"2":1,"3":1,"4":0},"f":{"0":1},"b":{},"_coverageSchema":"1a1c01bbd47fc00a2c39e90264f33305004495a9","hash":"0041265effe1f0c73a800171275e09325a0e3411"}
,"/home/miompolly/Documents/project/myportfolio-bn/src/models/userModel.js": {"path":"/home/miompolly/Documents/project/myportfolio-bn/src/models/userModel.js","statementMap":{"0":{"start":{"line":3,"column":17},"end":{"line":28,"column":18}},"1":{"start":{"line":30,"column":11},"end":{"line":30,"column":44}}},"fnMap":{},"branchMap":{},"s":{"0":1,"1":1},"f":{},"b":{},"_coverageSchema":"1a1c01bbd47fc00a2c39e90264f33305004495a9","hash":"55cec23729a104037116fbfcab3a63c12067f2e4"}
,"/home/miompolly/Documents/project/myportfolio-bn/src/routes/indexRouter.js": {"path":"/home/miompolly/Documents/project/myportfolio-bn/src/routes/indexRouter.js","statementMap":{"0":{"start":{"line":4,"column":20},"end":{"line":4,"column":36}},"1":{"start":{"line":5,"column":0},"end":{"line":5,"column":37}}},"fnMap":{},"branchMap":{},"s":{"0":1,"1":1},"f":{},"b":{},"_coverageSchema":"1a1c01bbd47fc00a2c39e90264f33305004495a9","hash":"75672d00dc3c05ac38d6f0a83cebf28b30cabb39"}
,"/home/miompolly/Documents/project/myportfolio-bn/src/routes/user.route.js": {"path":"/home/miompolly/Documents/project/myportfolio-bn/src/routes/user.route.js","statementMap":{"0":{"start":{"line":3,"column":17},"end":{"line":3,"column":33}},"1":{"start":{"line":5,"column":13},"end":{"line":5,"column":21}},"2":{"start":{"line":9,"column":0},"end":{"line":9,"column":59}},"3":{"start":{"line":10,"column":0},"end":{"line":10,"column":53}},"4":{"start":{"line":11,"column":0},"end":{"line":11,"column":54}},"5":{"start":{"line":12,"column":0},"end":{"line":12,"column":63}}},"fnMap":{},"branchMap":{},"s":{"0":1,"1":1,"2":1,"3":1,"4":1,"5":1},"f":{},"b":{},"_coverageSchema":"1a1c01bbd47fc00a2c39e90264f33305004495a9","hash":"b71d77c4b4a096f1d8fbccc4ab3648c0ae2598d4"}
,"/home/miompolly/Documents/project/myportfolio-bn/src/uploader/cloudinary.js": {"path":"/home/miompolly/Documents/project/myportfolio-bn/src/uploader/cloudinary.js","statementMap":{"0":{"start":{"line":6,"column":0},"end":{"line":6,"column":16}},"1":{"start":{"line":8,"column":0},"end":{"line":12,"column":3}},"2":{"start":{"line":14,"column":15},"end":{"line":16,"column":2}}},"fnMap":{},"branchMap":{},"s":{"0":1,"1":1,"2":1},"f":{},"b":{},"_coverageSchema":"1a1c01bbd47fc00a2c39e90264f33305004495a9","hash":"e8bd3db5132449ee74143e5ebe77fc16556a9cf3"}
,"/home/miompolly/Documents/project/myportfolio-bn/src/uploader/multer.js": {"path":"/home/miompolly/Documents/project/myportfolio-bn/src/uploader/multer.js","statementMap":{"0":{"start":{"line":3,"column":19},"end":{"line":9,"column":3}},"1":{"start":{"line":4,"column":4},"end":{"line":8,"column":5}},"2":{"start":{"line":5,"column":8},"end":{"line":5,"column":22}},"3":{"start":{"line":7,"column":8},"end":{"line":7,"column":56}},"4":{"start":{"line":10,"column":13},"end":{"line":10,"column":41}}},"fnMap":{"0":{"name":"(anonymous_0)","decl":{"start":{"line":3,"column":19},"end":{"line":3,"column":20}},"loc":{"start":{"line":3,"column":38},"end":{"line":9,"column":3}},"line":3}},"branchMap":{"0":{"loc":{"start":{"line":4,"column":4},"end":{"line":8,"column":5}},"type":"if","locations":[{"start":{"line":4,"column":4},"end":{"line":8,"column":5}},{"start":{"line":6,"column":9},"end":{"line":8,"column":5}}],"line":4},"1":{"loc":{"start":{"line":4,"column":8},"end":{"line":4,"column":99}},"type":"binary-expr","locations":[{"start":{"line":4,"column":8},"end":{"line":4,"column":36}},{"start":{"line":4,"column":40},"end":{"line":4,"column":67}},{"start":{"line":4,"column":71},"end":{"line":4,"column":99}}],"line":4}},"s":{"0":1,"1":0,"2":0,"3":0,"4":1},"f":{"0":0},"b":{"0":[0,0],"1":[0,0,0]},"_coverageSchema":"1a1c01bbd47fc00a2c39e90264f33305004495a9","hash":"5f2c07cab38879a3cdc17ff77fc053baed729c5d"}
,"/home/miompolly/Documents/project/myportfolio-bn/src/uploader/uploadImages.js": {"path":"/home/miompolly/Documents/project/myportfolio-bn/src/uploader/uploadImages.js","statementMap":{"0":{"start":{"line":4,"column":21},"end":{"line":19,"column":1}},"1":{"start":{"line":5,"column":2},"end":{"line":18,"column":4}},"2":{"start":{"line":6,"column":4},"end":{"line":17,"column":5}},"3":{"start":{"line":7,"column":6},"end":{"line":14,"column":9}},"4":{"start":{"line":9,"column":8},"end":{"line":11,"column":9}},"5":{"start":{"line":10,"column":10},"end":{"line":10,"column":78}},"6":{"start":{"line":13,"column":8},"end":{"line":13,"column":15}},"7":{"start":{"line":16,"column":6},"end":{"line":16,"column":27}}},"fnMap":{"0":{"name":"(anonymous_0)","decl":{"start":{"line":4,"column":21},"end":{"line":4,"column":22}},"loc":{"start":{"line":4,"column":31},"end":{"line":19,"column":1}},"line":4},"1":{"name":"(anonymous_1)","decl":{"start":{"line":5,"column":9},"end":{"line":5,"column":10}},"loc":{"start":{"line":5,"column":35},"end":{"line":18,"column":3}},"line":5},"2":{"name":"(anonymous_2)","decl":{"start":{"line":7,"column":36},"end":{"line":7,"column":37}},"loc":{"start":{"line":7,"column":45},"end":{"line":14,"column":7}},"line":7}},"branchMap":{"0":{"loc":{"start":{"line":9,"column":8},"end":{"line":11,"column":9}},"type":"if","locations":[{"start":{"line":9,"column":8},"end":{"line":11,"column":9}},{"start":{},"end":{}}],"line":9}},"s":{"0":1,"1":0,"2":0,"3":0,"4":0,"5":0,"6":0,"7":0},"f":{"0":0,"1":0,"2":0},"b":{"0":[0,0]},"_coverageSchema":"1a1c01bbd47fc00a2c39e90264f33305004495a9","hash":"b2f4236c951b6cf9b27e3819fa69d8496e81cd4c"}
}
